<?xml version="1.0" encoding="UTF-8"?>
<testsuite xmlns:xsi="http://www.w3.org/2001/XMLSchema-instance" xsi:noNamespaceSchemaLocation="https://maven.apache.org/surefire/maven-surefire-plugin/xsd/surefire-test-report.xsd" name="TestSuite" time="3.581" tests="8" errors="0" skipped="0" failures="0">
  <properties>
    <property name="gopherProxySet" value="false"/>
    <property name="socksProxyHost" value="127.0.0.1"/>
    <property name="awt.toolkit" value="sun.lwawt.macosx.LWCToolkit"/>
    <property name="http.proxyHost" value="127.0.0.1"/>
    <property name="java.specification.version" value="11"/>
    <property name="sun.cpu.isalist" value=""/>
    <property name="sun.jnu.encoding" value="UTF-8"/>
    <property name="java.class.path" value="/Users/ibell/Ideaprojects/maven_learn/target/test-classes:/Users/ibell/Ideaprojects/maven_learn/target/classes:/Users/ibell/.m2/repository/junit/junit/4.11/junit-4.11.jar:/Users/ibell/.m2/repository/org/hamcrest/hamcrest-core/1.3/hamcrest-core-1.3.jar:/Users/ibell/.m2/repository/mysql/mysql-connector-java/5.1.38/mysql-connector-java-5.1.38.jar:/Users/ibell/.m2/repository/org/apache/httpcomponents/httpclient/4.5.6/httpclient-4.5.6.jar:/Users/ibell/.m2/repository/org/apache/httpcomponents/httpcore/4.4.10/httpcore-4.4.10.jar:/Users/ibell/.m2/repository/commons-logging/commons-logging/1.2/commons-logging-1.2.jar:/Users/ibell/.m2/repository/commons-codec/commons-codec/1.10/commons-codec-1.10.jar:/Users/ibell/.m2/repository/log4j/log4j/1.2.17/log4j-1.2.17.jar:/Users/ibell/.m2/repository/dom4j/dom4j/1.6.1/dom4j-1.6.1.jar:/Users/ibell/.m2/repository/xml-apis/xml-apis/1.0.b2/xml-apis-1.0.b2.jar:/Users/ibell/.m2/repository/org/testng/testng/6.14.3/testng-6.14.3.jar:/Users/ibell/.m2/repository/com/beust/jcommander/1.72/jcommander-1.72.jar:/Users/ibell/.m2/repository/org/apache-extras/beanshell/bsh/2.0b6/bsh-2.0b6.jar:/Users/ibell/.m2/repository/org/apache/poi/poi-ooxml/3.17/poi-ooxml-3.17.jar:/Users/ibell/.m2/repository/org/apache/poi/poi/3.17/poi-3.17.jar:/Users/ibell/.m2/repository/org/apache/commons/commons-collections4/4.1/commons-collections4-4.1.jar:/Users/ibell/.m2/repository/org/apache/poi/poi-ooxml-schemas/3.17/poi-ooxml-schemas-3.17.jar:/Users/ibell/.m2/repository/org/apache/xmlbeans/xmlbeans/2.6.0/xmlbeans-2.6.0.jar:/Users/ibell/.m2/repository/stax/stax-api/1.0.1/stax-api-1.0.1.jar:/Users/ibell/.m2/repository/com/github/virtuald/curvesapi/1.04/curvesapi-1.04.jar:/Users/ibell/.m2/repository/com/alibaba/fastjson/1.2.62/fastjson-1.2.62.jar:"/>
    <property name="https.proxyPort" value="7890"/>
    <property name="java.vm.vendor" value="Oracle Corporation"/>
    <property name="sun.arch.data.model" value="64"/>
    <property name="java.vendor.url" value="http://java.oracle.com/"/>
    <property name="user.timezone" value=""/>
    <property name="java.vm.specification.version" value="11"/>
    <property name="os.name" value="Mac OS X"/>
    <property name="sun.java.launcher" value="SUN_STANDARD"/>
    <property name="user.country" value="CN"/>
    <property name="sun.boot.library.path" value="/Library/Java/JavaVirtualMachines/jdk-11.0.1.jdk/Contents/Home/lib"/>
    <property name="sun.java.command" value="/Users/ibell/Ideaprojects/maven_learn/target/surefire/surefirebooter7715937958901050878.jar /Users/ibell/Ideaprojects/maven_learn/target/surefire 2020-05-26T22-55-32_042-jvmRun1 surefire7480861030023629165tmp surefire_03422483038454208908tmp"/>
    <property name="http.nonProxyHosts" value="192.168.0.0/16|*.192.168.0.0/16|10.0.0.0/8|*.10.0.0.0/8|172.16.0.0/12|*.172.16.0.0/12|127.0.0.1|localhost|*.localhost|local|*.local|timestamp.apple.com|*.timestamp.apple.com"/>
    <property name="jdk.debug" value="release"/>
    <property name="surefire.test.class.path" value="/Users/ibell/Ideaprojects/maven_learn/target/test-classes:/Users/ibell/Ideaprojects/maven_learn/target/classes:/Users/ibell/.m2/repository/junit/junit/4.11/junit-4.11.jar:/Users/ibell/.m2/repository/org/hamcrest/hamcrest-core/1.3/hamcrest-core-1.3.jar:/Users/ibell/.m2/repository/mysql/mysql-connector-java/5.1.38/mysql-connector-java-5.1.38.jar:/Users/ibell/.m2/repository/org/apache/httpcomponents/httpclient/4.5.6/httpclient-4.5.6.jar:/Users/ibell/.m2/repository/org/apache/httpcomponents/httpcore/4.4.10/httpcore-4.4.10.jar:/Users/ibell/.m2/repository/commons-logging/commons-logging/1.2/commons-logging-1.2.jar:/Users/ibell/.m2/repository/commons-codec/commons-codec/1.10/commons-codec-1.10.jar:/Users/ibell/.m2/repository/log4j/log4j/1.2.17/log4j-1.2.17.jar:/Users/ibell/.m2/repository/dom4j/dom4j/1.6.1/dom4j-1.6.1.jar:/Users/ibell/.m2/repository/xml-apis/xml-apis/1.0.b2/xml-apis-1.0.b2.jar:/Users/ibell/.m2/repository/org/testng/testng/6.14.3/testng-6.14.3.jar:/Users/ibell/.m2/repository/com/beust/jcommander/1.72/jcommander-1.72.jar:/Users/ibell/.m2/repository/org/apache-extras/beanshell/bsh/2.0b6/bsh-2.0b6.jar:/Users/ibell/.m2/repository/org/apache/poi/poi-ooxml/3.17/poi-ooxml-3.17.jar:/Users/ibell/.m2/repository/org/apache/poi/poi/3.17/poi-3.17.jar:/Users/ibell/.m2/repository/org/apache/commons/commons-collections4/4.1/commons-collections4-4.1.jar:/Users/ibell/.m2/repository/org/apache/poi/poi-ooxml-schemas/3.17/poi-ooxml-schemas-3.17.jar:/Users/ibell/.m2/repository/org/apache/xmlbeans/xmlbeans/2.6.0/xmlbeans-2.6.0.jar:/Users/ibell/.m2/repository/stax/stax-api/1.0.1/stax-api-1.0.1.jar:/Users/ibell/.m2/repository/com/github/virtuald/curvesapi/1.04/curvesapi-1.04.jar:/Users/ibell/.m2/repository/com/alibaba/fastjson/1.2.62/fastjson-1.2.62.jar:"/>
    <property name="sun.cpu.endian" value="little"/>
    <property name="user.home" value="/Users/ibell"/>
    <property name="user.language" value="zh"/>
    <property name="java.specification.vendor" value="Oracle Corporation"/>
    <property name="java.version.date" value="2018-10-16"/>
    <property name="java.home" value="/Library/Java/JavaVirtualMachines/jdk-11.0.1.jdk/Contents/Home"/>
    <property name="file.separator" value="/"/>
    <property name="https.proxyHost" value="127.0.0.1"/>
    <property name="basedir" value="/Users/ibell/Ideaprojects/maven_learn"/>
    <property name="java.vm.compressedOopsMode" value="Zero based"/>
    <property name="line.separator" value="&#10;"/>
    <property name="java.specification.name" value="Java Platform API Specification"/>
    <property name="java.vm.specification.vendor" value="Oracle Corporation"/>
    <property name="java.awt.graphicsenv" value="sun.awt.CGraphicsEnvironment"/>
    <property name="surefire.real.class.path" value="/Users/ibell/Ideaprojects/maven_learn/target/surefire/surefirebooter7715937958901050878.jar"/>
    <property name="user.script" value="Hans"/>
    <property name="sun.management.compiler" value="HotSpot 64-Bit Tiered Compilers"/>
    <property name="ftp.nonProxyHosts" value="192.168.0.0/16|*.192.168.0.0/16|10.0.0.0/8|*.10.0.0.0/8|172.16.0.0/12|*.172.16.0.0/12|127.0.0.1|localhost|*.localhost|local|*.local|timestamp.apple.com|*.timestamp.apple.com"/>
    <property name="java.runtime.version" value="11.0.1+13-LTS"/>
    <property name="user.name" value="ibell"/>
    <property name="path.separator" value=":"/>
    <property name="os.version" value="10.14.6"/>
    <property name="java.runtime.name" value="Java(TM) SE Runtime Environment"/>
    <property name="file.encoding" value="UTF-8"/>
    <property name="java.vm.name" value="Java HotSpot(TM) 64-Bit Server VM"/>
    <property name="java.vendor.version" value="18.9"/>
    <property name="localRepository" value="/Users/ibell/.m2/repository"/>
    <property name="java.vendor.url.bug" value="http://bugreport.java.com/bugreport/"/>
    <property name="java.io.tmpdir" value="/var/folders/2r/1x1mt0ks4jg7237z2fb1mzj00000gn/T/"/>
    <property name="java.version" value="11.0.1"/>
    <property name="user.dir" value="/Users/ibell/Ideaprojects/maven_learn"/>
    <property name="os.arch" value="x86_64"/>
    <property name="socksProxyPort" value="7891"/>
    <property name="java.vm.specification.name" value="Java Virtual Machine Specification"/>
    <property name="java.awt.printerjob" value="sun.lwawt.macosx.CPrinterJob"/>
    <property name="sun.os.patch.level" value="unknown"/>
    <property name="java.library.path" value="/Users/ibell/Library/Java/Extensions:/Library/Java/Extensions:/Network/Library/Java/Extensions:/System/Library/Java/Extensions:/usr/lib/java:."/>
    <property name="java.vendor" value="Oracle Corporation"/>
    <property name="java.vm.info" value="mixed mode"/>
    <property name="java.vm.version" value="11.0.1+13-LTS"/>
    <property name="sun.io.unicode.encoding" value="UnicodeBig"/>
    <property name="java.class.version" value="55.0"/>
    <property name="socksNonProxyHosts" value="192.168.0.0/16|*.192.168.0.0/16|10.0.0.0/8|*.10.0.0.0/8|172.16.0.0/12|*.172.16.0.0/12|127.0.0.1|localhost|*.localhost|local|*.local|timestamp.apple.com|*.timestamp.apple.com"/>
    <property name="http.proxyPort" value="7890"/>
  </properties>
  <testcase name="test" classname="com.shinemo1.learn.LoginCaseV3Test" time="1.237"/>
  <testcase name="test" classname="com.shinemo1.learn.LoginCaseV3Test" time="0.078"/>
  <testcase name="test" classname="com.shinemo1.learn.LoginCaseV3Test" time="0.081"/>
  <testcase name="test" classname="com.shinemo1.learn.LoginCaseV3Test" time="0.049"/>
  <testcase name="test" classname="com.shinemo1.learn.LoginCaseV3Test" time="0.053"/>
  <testcase name="test" classname="com.shinemo1.learn.RechargeCaseTest" time="0.099"/>
  <testcase name="test" classname="com.shinemo1.learn.RechargeCaseTest" time="0.09"/>
  <testcase name="test" classname="com.shinemo1.learn.RechargeCaseTest" time="0.081"/>
</testsuite>