<?xml version="1.0" encoding="UTF-8"?>
<!-- Generated by org.testng.reporters.JUnitReportReporter -->
<testsuite skipped="0" hostname="ideMacBook-Pro.local" name="com.shinemo1.learn.RechargeCase" tests="3" failures="0" timestamp="26 五月 2020 14:49:36 GMT" time="1.013" errors="0">
  <testcase name="test" time="0.048" classname="com.shinemo1.learn.RechargeCase"/>
  <testcase name="test" time="0.917" classname="com.shinemo1.learn.RechargeCase"/>
  <testcase name="test" time="0.048" classname="com.shinemo1.learn.RechargeCase"/>
</testsuite> <!-- com.shinemo1.learn.RechargeCase -->
